<?xml version="1.0" encoding="UTF-8"?>
<!-- Generated by org.testng.reporters.JUnitXMLReporter -->
<testsuite hostname="Bilquiss-MacBook-Pro.local" name="Default test" tests="17" failures="0" timestamp="19 Apr 2019 02:27:17 GMT" time="34.558" errors="0">
  <testcase name="NSSTODOListLabelTest" time="0.062" classname="com.test.NSSTODOListTest"/>
  <testcase name="NSSTODOListLabelTextTest" time="0.039" classname="com.test.NSSTODOListTest"/>
  <testcase name="labelTimePresentTest" time="0.034" classname="com.test.NSSTODOListTest"/>
  <testcase name="removeBtnPresentTest" time="0.037" classname="com.test.NSSTODOListTest"/>
  <testcase name="removeBtnEnabledTest" time="0.126" classname="com.test.NSSTODOListTest"/>
  <testcase name="completeBtnPresentTest" time="0.039" classname="com.test.NSSTODOListTest"/>
  <testcase name="completeBtnEnabledTest" time="0.259" classname="com.test.NSSTODOListTest"/>
  <testcase name="toggleAllChkbxPresentTest" time="0.035" classname="com.test.NSSTODOListTest"/>
  <testcase name="allCheckboxesToggledTest" time="0.256" classname="com.test.NSSTODOListTest"/>
  <testcase name="advancedLinkPresentTest" time="0.026" classname="com.test.NSSTODOListTest"/>
  <testcase name="advancedLinkToggleCollapseTest" time="0.211" classname="com.test.NSSTODOListTest"/>
  <testcase name="collegeLinkNavigationTest" time="0.12" classname="com.test.NSSTODOListTest"/>
  <testcase name="leisureLinkNavigationTest" time="0.128" classname="com.test.NSSTODOListTest"/>
  <testcase name="playLinkNavigationTest" time="0.113" classname="com.test.NSSTODOListTest"/>
  <testcase name="personalLinkNavigationTest" time="0.101" classname="com.test.NSSTODOListTest"/>
  <testcase name="addBtnTest" time="0.65" classname="com.test.NSSTODOListTest"/>
  <testcase name="verifyDDListItemTest" time="0.272" classname="com.test.NSSTODOListTest"/>
</testsuite> <!-- Default test -->
