<?xml version="1.0" encoding="UTF-8"?>
<testng-results skipped="0" failed="0" total="17" passed="17">
  <reporter-output>
  </reporter-output>
  <suite name="Default suite" duration-ms="34558" started-at="2019-04-19T02:26:43Z" finished-at="2019-04-19T02:27:17Z">
    <groups>
    </groups>
    <test name="Default test" duration-ms="34558" started-at="2019-04-19T02:26:43Z" finished-at="2019-04-19T02:27:17Z">
      <class name="com.test.NSSTODOListTest">
        <test-method status="PASS" signature="setUp()[pri:0, instance:com.test.NSSTODOListTest@326de728]" name="setUp" is-config="true" duration-ms="2637" started-at="2019-04-18T22:26:43Z" finished-at="2019-04-18T22:26:46Z">
          <reporter-output>
          </reporter-output>
        </test-method> <!-- setUp -->
        <test-method status="PASS" signature="NSSTODOListLabelTest()[pri:1, instance:com.test.NSSTODOListTest@326de728]" name="NSSTODOListLabelTest" duration-ms="62" started-at="2019-04-18T22:26:46Z" finished-at="2019-04-18T22:26:46Z">
          <reporter-output>
          </reporter-output>
        </test-method> <!-- NSSTODOListLabelTest -->
        <test-method status="PASS" signature="tearDown()[pri:0, instance:com.test.NSSTODOListTest@326de728]" name="tearDown" is-config="true" duration-ms="95" started-at="2019-04-18T22:26:46Z" finished-at="2019-04-18T22:26:46Z">
          <reporter-output>
          </reporter-output>
        </test-method> <!-- tearDown -->
        <test-method status="PASS" signature="setUp()[pri:0, instance:com.test.NSSTODOListTest@326de728]" name="setUp" is-config="true" duration-ms="1762" started-at="2019-04-18T22:26:46Z" finished-at="2019-04-18T22:26:47Z">
          <reporter-output>
          </reporter-output>
        </test-method> <!-- setUp -->
        <test-method status="PASS" signature="NSSTODOListLabelTextTest()[pri:2, instance:com.test.NSSTODOListTest@326de728]" name="NSSTODOListLabelTextTest" duration-ms="39" started-at="2019-04-18T22:26:47Z" finished-at="2019-04-18T22:26:48Z">
          <reporter-output>
          </reporter-output>
        </test-method> <!-- NSSTODOListLabelTextTest -->
        <test-method status="PASS" signature="tearDown()[pri:0, instance:com.test.NSSTODOListTest@326de728]" name="tearDown" is-config="true" duration-ms="85" started-at="2019-04-18T22:26:48Z" finished-at="2019-04-18T22:26:48Z">
          <reporter-output>
          </reporter-output>
        </test-method> <!-- tearDown -->
        <test-method status="PASS" signature="setUp()[pri:0, instance:com.test.NSSTODOListTest@326de728]" name="setUp" is-config="true" duration-ms="1731" started-at="2019-04-18T22:26:48Z" finished-at="2019-04-18T22:26:49Z">
          <reporter-output>
          </reporter-output>
        </test-method> <!-- setUp -->
        <test-method status="PASS" signature="labelTimePresentTest()[pri:3, instance:com.test.NSSTODOListTest@326de728]" name="labelTimePresentTest" duration-ms="34" started-at="2019-04-18T22:26:49Z" finished-at="2019-04-18T22:26:49Z">
          <reporter-output>
          </reporter-output>
        </test-method> <!-- labelTimePresentTest -->
        <test-method status="PASS" signature="tearDown()[pri:0, instance:com.test.NSSTODOListTest@326de728]" name="tearDown" is-config="true" duration-ms="86" started-at="2019-04-18T22:26:49Z" finished-at="2019-04-18T22:26:49Z">
          <reporter-output>
          </reporter-output>
        </test-method> <!-- tearDown -->
        <test-method status="PASS" signature="setUp()[pri:0, instance:com.test.NSSTODOListTest@326de728]" name="setUp" is-config="true" duration-ms="1766" started-at="2019-04-18T22:26:49Z" finished-at="2019-04-18T22:26:51Z">
          <reporter-output>
          </reporter-output>
        </test-method> <!-- setUp -->
        <test-method status="PASS" signature="removeBtnPresentTest()[pri:4, instance:com.test.NSSTODOListTest@326de728]" name="removeBtnPresentTest" duration-ms="37" started-at="2019-04-18T22:26:51Z" finished-at="2019-04-18T22:26:51Z">
          <reporter-output>
          </reporter-output>
        </test-method> <!-- removeBtnPresentTest -->
        <test-method status="PASS" signature="tearDown()[pri:0, instance:com.test.NSSTODOListTest@326de728]" name="tearDown" is-config="true" duration-ms="92" started-at="2019-04-18T22:26:51Z" finished-at="2019-04-18T22:26:51Z">
          <reporter-output>
          </reporter-output>
        </test-method> <!-- tearDown -->
        <test-method status="PASS" signature="setUp()[pri:0, instance:com.test.NSSTODOListTest@326de728]" name="setUp" is-config="true" duration-ms="1665" started-at="2019-04-18T22:26:51Z" finished-at="2019-04-18T22:26:53Z">
          <reporter-output>
          </reporter-output>
        </test-method> <!-- setUp -->
        <test-method status="PASS" signature="removeBtnEnabledTest()[pri:5, instance:com.test.NSSTODOListTest@326de728]" name="removeBtnEnabledTest" duration-ms="126" started-at="2019-04-18T22:26:53Z" finished-at="2019-04-18T22:26:53Z">
          <reporter-output>
          </reporter-output>
        </test-method> <!-- removeBtnEnabledTest -->
        <test-method status="PASS" signature="tearDown()[pri:0, instance:com.test.NSSTODOListTest@326de728]" name="tearDown" is-config="true" duration-ms="89" started-at="2019-04-18T22:26:53Z" finished-at="2019-04-18T22:26:53Z">
          <reporter-output>
          </reporter-output>
        </test-method> <!-- tearDown -->
        <test-method status="PASS" signature="setUp()[pri:0, instance:com.test.NSSTODOListTest@326de728]" name="setUp" is-config="true" duration-ms="1777" started-at="2019-04-18T22:26:53Z" finished-at="2019-04-18T22:26:55Z">
          <reporter-output>
          </reporter-output>
        </test-method> <!-- setUp -->
        <test-method status="PASS" signature="completeBtnPresentTest()[pri:6, instance:com.test.NSSTODOListTest@326de728]" name="completeBtnPresentTest" duration-ms="39" started-at="2019-04-18T22:26:55Z" finished-at="2019-04-18T22:26:55Z">
          <reporter-output>
          </reporter-output>
        </test-method> <!-- completeBtnPresentTest -->
        <test-method status="PASS" signature="tearDown()[pri:0, instance:com.test.NSSTODOListTest@326de728]" name="tearDown" is-config="true" duration-ms="86" started-at="2019-04-18T22:26:55Z" finished-at="2019-04-18T22:26:55Z">
          <reporter-output>
          </reporter-output>
        </test-method> <!-- tearDown -->
        <test-method status="PASS" signature="setUp()[pri:0, instance:com.test.NSSTODOListTest@326de728]" name="setUp" is-config="true" duration-ms="1789" started-at="2019-04-18T22:26:55Z" finished-at="2019-04-18T22:26:57Z">
          <reporter-output>
          </reporter-output>
        </test-method> <!-- setUp -->
        <test-method status="PASS" signature="completeBtnEnabledTest()[pri:7, instance:com.test.NSSTODOListTest@326de728]" name="completeBtnEnabledTest" duration-ms="259" started-at="2019-04-18T22:26:57Z" finished-at="2019-04-18T22:26:57Z">
          <reporter-output>
          </reporter-output>
        </test-method> <!-- completeBtnEnabledTest -->
        <test-method status="PASS" signature="tearDown()[pri:0, instance:com.test.NSSTODOListTest@326de728]" name="tearDown" is-config="true" duration-ms="92" started-at="2019-04-18T22:26:57Z" finished-at="2019-04-18T22:26:57Z">
          <reporter-output>
          </reporter-output>
        </test-method> <!-- tearDown -->
        <test-method status="PASS" signature="setUp()[pri:0, instance:com.test.NSSTODOListTest@326de728]" name="setUp" is-config="true" duration-ms="1774" started-at="2019-04-18T22:26:57Z" finished-at="2019-04-18T22:26:59Z">
          <reporter-output>
          </reporter-output>
        </test-method> <!-- setUp -->
        <test-method status="PASS" signature="toggleAllChkbxPresentTest()[pri:8, instance:com.test.NSSTODOListTest@326de728]" name="toggleAllChkbxPresentTest" duration-ms="35" started-at="2019-04-18T22:26:59Z" finished-at="2019-04-18T22:26:59Z">
          <reporter-output>
          </reporter-output>
        </test-method> <!-- toggleAllChkbxPresentTest -->
        <test-method status="PASS" signature="tearDown()[pri:0, instance:com.test.NSSTODOListTest@326de728]" name="tearDown" is-config="true" duration-ms="84" started-at="2019-04-18T22:26:59Z" finished-at="2019-04-18T22:26:59Z">
          <reporter-output>
          </reporter-output>
        </test-method> <!-- tearDown -->
        <test-method status="PASS" signature="setUp()[pri:0, instance:com.test.NSSTODOListTest@326de728]" name="setUp" is-config="true" duration-ms="1716" started-at="2019-04-18T22:26:59Z" finished-at="2019-04-18T22:27:01Z">
          <reporter-output>
          </reporter-output>
        </test-method> <!-- setUp -->
        <test-method status="PASS" signature="allCheckboxesToggledTest()[pri:9, instance:com.test.NSSTODOListTest@326de728]" name="allCheckboxesToggledTest" duration-ms="256" started-at="2019-04-18T22:27:01Z" finished-at="2019-04-18T22:27:01Z">
          <reporter-output>
          </reporter-output>
        </test-method> <!-- allCheckboxesToggledTest -->
        <test-method status="PASS" signature="tearDown()[pri:0, instance:com.test.NSSTODOListTest@326de728]" name="tearDown" is-config="true" duration-ms="86" started-at="2019-04-18T22:27:01Z" finished-at="2019-04-18T22:27:01Z">
          <reporter-output>
          </reporter-output>
        </test-method> <!-- tearDown -->
        <test-method status="PASS" signature="setUp()[pri:0, instance:com.test.NSSTODOListTest@326de728]" name="setUp" is-config="true" duration-ms="1790" started-at="2019-04-18T22:27:01Z" finished-at="2019-04-18T22:27:03Z">
          <reporter-output>
          </reporter-output>
        </test-method> <!-- setUp -->
        <test-method status="PASS" signature="advancedLinkPresentTest()[pri:10, instance:com.test.NSSTODOListTest@326de728]" name="advancedLinkPresentTest" duration-ms="26" started-at="2019-04-18T22:27:03Z" finished-at="2019-04-18T22:27:03Z">
          <reporter-output>
          </reporter-output>
        </test-method> <!-- advancedLinkPresentTest -->
        <test-method status="PASS" signature="tearDown()[pri:0, instance:com.test.NSSTODOListTest@326de728]" name="tearDown" is-config="true" duration-ms="86" started-at="2019-04-18T22:27:03Z" finished-at="2019-04-18T22:27:03Z">
          <reporter-output>
          </reporter-output>
        </test-method> <!-- tearDown -->
        <test-method status="PASS" signature="setUp()[pri:0, instance:com.test.NSSTODOListTest@326de728]" name="setUp" is-config="true" duration-ms="1738" started-at="2019-04-18T22:27:03Z" finished-at="2019-04-18T22:27:05Z">
          <reporter-output>
          </reporter-output>
        </test-method> <!-- setUp -->
        <test-method status="PASS" signature="advancedLinkToggleCollapseTest()[pri:11, instance:com.test.NSSTODOListTest@326de728]" name="advancedLinkToggleCollapseTest" duration-ms="211" started-at="2019-04-18T22:27:05Z" finished-at="2019-04-18T22:27:05Z">
          <reporter-output>
          </reporter-output>
        </test-method> <!-- advancedLinkToggleCollapseTest -->
        <test-method status="PASS" signature="tearDown()[pri:0, instance:com.test.NSSTODOListTest@326de728]" name="tearDown" is-config="true" duration-ms="86" started-at="2019-04-18T22:27:05Z" finished-at="2019-04-18T22:27:05Z">
          <reporter-output>
          </reporter-output>
        </test-method> <!-- tearDown -->
        <test-method status="PASS" signature="setUp()[pri:0, instance:com.test.NSSTODOListTest@326de728]" name="setUp" is-config="true" duration-ms="1739" started-at="2019-04-18T22:27:05Z" finished-at="2019-04-18T22:27:07Z">
          <reporter-output>
          </reporter-output>
        </test-method> <!-- setUp -->
        <test-method status="PASS" signature="collegeLinkNavigationTest()[pri:12, instance:com.test.NSSTODOListTest@326de728]" name="collegeLinkNavigationTest" duration-ms="120" started-at="2019-04-18T22:27:07Z" finished-at="2019-04-18T22:27:07Z">
          <reporter-output>
          </reporter-output>
        </test-method> <!-- collegeLinkNavigationTest -->
        <test-method status="PASS" signature="tearDown()[pri:0, instance:com.test.NSSTODOListTest@326de728]" name="tearDown" is-config="true" duration-ms="91" started-at="2019-04-18T22:27:07Z" finished-at="2019-04-18T22:27:07Z">
          <reporter-output>
          </reporter-output>
        </test-method> <!-- tearDown -->
        <test-method status="PASS" signature="setUp()[pri:0, instance:com.test.NSSTODOListTest@326de728]" name="setUp" is-config="true" duration-ms="1692" started-at="2019-04-18T22:27:07Z" finished-at="2019-04-18T22:27:09Z">
          <reporter-output>
          </reporter-output>
        </test-method> <!-- setUp -->
        <test-method status="PASS" signature="leisureLinkNavigationTest()[pri:13, instance:com.test.NSSTODOListTest@326de728]" name="leisureLinkNavigationTest" duration-ms="128" started-at="2019-04-18T22:27:09Z" finished-at="2019-04-18T22:27:09Z">
          <reporter-output>
          </reporter-output>
        </test-method> <!-- leisureLinkNavigationTest -->
        <test-method status="PASS" signature="tearDown()[pri:0, instance:com.test.NSSTODOListTest@326de728]" name="tearDown" is-config="true" duration-ms="86" started-at="2019-04-18T22:27:09Z" finished-at="2019-04-18T22:27:09Z">
          <reporter-output>
          </reporter-output>
        </test-method> <!-- tearDown -->
        <test-method status="PASS" signature="setUp()[pri:0, instance:com.test.NSSTODOListTest@326de728]" name="setUp" is-config="true" duration-ms="1738" started-at="2019-04-18T22:27:09Z" finished-at="2019-04-18T22:27:11Z">
          <reporter-output>
          </reporter-output>
        </test-method> <!-- setUp -->
        <test-method status="PASS" signature="playLinkNavigationTest()[pri:14, instance:com.test.NSSTODOListTest@326de728]" name="playLinkNavigationTest" duration-ms="113" started-at="2019-04-18T22:27:11Z" finished-at="2019-04-18T22:27:11Z">
          <reporter-output>
          </reporter-output>
        </test-method> <!-- playLinkNavigationTest -->
        <test-method status="PASS" signature="tearDown()[pri:0, instance:com.test.NSSTODOListTest@326de728]" name="tearDown" is-config="true" duration-ms="83" started-at="2019-04-18T22:27:11Z" finished-at="2019-04-18T22:27:11Z">
          <reporter-output>
          </reporter-output>
        </test-method> <!-- tearDown -->
        <test-method status="PASS" signature="setUp()[pri:0, instance:com.test.NSSTODOListTest@326de728]" name="setUp" is-config="true" duration-ms="1732" started-at="2019-04-18T22:27:11Z" finished-at="2019-04-18T22:27:13Z">
          <reporter-output>
          </reporter-output>
        </test-method> <!-- setUp -->
        <test-method status="PASS" signature="personalLinkNavigationTest()[pri:15, instance:com.test.NSSTODOListTest@326de728]" name="personalLinkNavigationTest" duration-ms="101" started-at="2019-04-18T22:27:13Z" finished-at="2019-04-18T22:27:13Z">
          <reporter-output>
          </reporter-output>
        </test-method> <!-- personalLinkNavigationTest -->
        <test-method status="PASS" signature="tearDown()[pri:0, instance:com.test.NSSTODOListTest@326de728]" name="tearDown" is-config="true" duration-ms="86" started-at="2019-04-18T22:27:13Z" finished-at="2019-04-18T22:27:13Z">
          <reporter-output>
          </reporter-output>
        </test-method> <!-- tearDown -->
        <test-method status="PASS" signature="setUp()[pri:0, instance:com.test.NSSTODOListTest@326de728]" name="setUp" is-config="true" duration-ms="1711" started-at="2019-04-18T22:27:13Z" finished-at="2019-04-18T22:27:15Z">
          <reporter-output>
          </reporter-output>
        </test-method> <!-- setUp -->
        <test-method status="PASS" signature="addBtnTest()[pri:16, instance:com.test.NSSTODOListTest@326de728]" name="addBtnTest" duration-ms="650" started-at="2019-04-18T22:27:15Z" finished-at="2019-04-18T22:27:15Z">
          <reporter-output>
          </reporter-output>
        </test-method> <!-- addBtnTest -->
        <test-method status="PASS" signature="tearDown()[pri:0, instance:com.test.NSSTODOListTest@326de728]" name="tearDown" is-config="true" duration-ms="96" started-at="2019-04-18T22:27:15Z" finished-at="2019-04-18T22:27:15Z">
          <reporter-output>
          </reporter-output>
        </test-method> <!-- tearDown -->
        <test-method status="PASS" signature="setUp()[pri:0, instance:com.test.NSSTODOListTest@326de728]" name="setUp" is-config="true" duration-ms="1762" started-at="2019-04-18T22:27:15Z" finished-at="2019-04-18T22:27:17Z">
          <reporter-output>
          </reporter-output>
        </test-method> <!-- setUp -->
        <test-method status="PASS" signature="verifyDDListItemTest()[pri:17, instance:com.test.NSSTODOListTest@326de728]" name="verifyDDListItemTest" duration-ms="272" started-at="2019-04-18T22:27:17Z" finished-at="2019-04-18T22:27:17Z">
          <reporter-output>
          </reporter-output>
        </test-method> <!-- verifyDDListItemTest -->
        <test-method status="PASS" signature="tearDown()[pri:0, instance:com.test.NSSTODOListTest@326de728]" name="tearDown" is-config="true" duration-ms="84" started-at="2019-04-18T22:27:17Z" finished-at="2019-04-18T22:27:17Z">
          <reporter-output>
          </reporter-output>
        </test-method> <!-- tearDown -->
      </class> <!-- com.test.NSSTODOListTest -->
    </test> <!-- Default test -->
  </suite> <!-- Default suite -->
</testng-results>
